2020/0/11 17:01:19
Connection: keep-alive
Upgrade-Insecure-Requests: 1
User-Agent: Mozilla/5.0 (Windows NT 10.0; WOW64) AppleWebKit/537.36 (KHTML, like Gecko) Chrome/55.0.2883.87 UBrowser/6.2.4098.3 Safari/537.36
Accept: text/html,application/xhtml+xml,application/xml;q=0.9,image/webp,*/*;q=0.8
Accept-Encoding: gzip, deflate
Accept-Language: zh-CN,zh;q=0.8

2020/0/11 17:01:19
Connection: keep-alive
User-Agent: Mozilla/5.0 (Windows NT 10.0; WOW64) AppleWebKit/537.36 (KHTML, like Gecko) Chrome/55.0.2883.87 UBrowser/6.2.4098.3 Safari/537.36
Accept: image/webp,image/*,*/*;q=0.8
Referer: http://192.168.43.9:8000/
Accept-Encoding: gzip, deflate
Accept-Language: zh-CN,zh;q=0.8

2020/0/11 17:01:19
Connection: keep-alive
User-Agent: Mozilla/5.0 (Windows NT 10.0; WOW64) AppleWebKit/537.36 (KHTML, like Gecko) Chrome/55.0.2883.87 UBrowser/6.2.4098.3 Safari/537.36
2020/0/11 17:01:19
Connection: keep-alive
User-Agent: Mozilla/5.0 (Windows NT 10.0; WOW64) AppleWebKit/537.36 (KHTML, like Gecko) Chrome/55.0.2883.87 UBrowser/6.2.4098.3 Safari/537.36
2020/0/11 17:01:19
Connection: keep-alive
Accept: image/webp,image/*,*/*;q=0.8
Referer: http://192.168.43.9:8000/
2020/0/11 17:01:19
Connection: keep-alive
Accept: image/webp,image/*,*/*;q=0.8
Referer: http://192.168.43.9:8000/
User-Agent: Mozilla/5.0 (Windows NT 10.0; WOW64) AppleWebKit/537.36 (KHTML, like Gecko) Chrome/55.0.2883.87 UBrowser/6.2.4098.3 Safari/537.36
Accept-Encoding: gzip, deflate
Accept-Language: zh-CN,zh;q=0.8
User-Agent: Mozilla/5.0 (Windows NT 10.0; WOW64) AppleWebKit/537.36 (KHTML, like Gecko) Chrome/55.0.2883.87 UBrowser/6.2.4098.3 Safari/537.36
Accept-Encoding: gzip, deflate
Accept-Language: zh-CN,zh;q=0.8
Accept: image/webp,image/*,*/*;q=0.8

Accept: image/webp,image/*,*/*;q=0.8
2020/0/11 17:01:19
Connection: keep-alive
User-Agent: Mozilla/5.0 (Windows NT 10.0; WOW64) AppleWebKit/537.36 (KHTML, like Gecko) Chrome/55.0.2883.87 UBrowser/6.2.4098.3 Safari/537.36

Referer: http://192.168.43.9:8000/
Accept-Encoding: gzip, deflate
Referer: http://192.168.43.9:8000/
Accept-Encoding: gzip, deflate
Accept: image/webp,image/*,*/*;q=0.8
Referer: http://192.168.43.9:8000/
Accept-Language: zh-CN,zh;q=0.8

Accept-Language: zh-CN,zh;q=0.8

Accept-Encoding: gzip, deflate
Accept-Language: zh-CN,zh;q=0.8

